<?xml version="1.0" encoding="UTF-8"?>
<!-- Generated by org.testng.reporters.JUnitReportReporter -->
<testsuite hostname="admin" failures="0" tests="1" name="com.facebook.testScripts.VerifySignUpPage" time="4.191" errors="0" timestamp="2022-10-15T23:22:18 IST" skipped="0">
  <testcase classname="com.facebook.testScripts.VerifySignUpPage" name="verifySignUpPage" time="4.191"/>
  <system-out>
    <![CDATA[Test case passed........]]>
  </system-out>
</testsuite> <!-- com.facebook.testScripts.VerifySignUpPage -->
